2025-05-28 16:58:41,441 - app.main - INFO - ================================================================================
2025-05-28 16:58:41,442 - app.main - INFO - Logging initialized. Log file: /home/trung/Documents/ML/Translation/NMT_Managemnt_Experiments/backend/logs/nmt-backend-2025-05-28.log
2025-05-28 16:58:41,442 - app.main - INFO - Log level: INFO, Rotation: daily, Retention: 30 days
2025-05-28 16:58:41,442 - app.main - INFO - Application starting at 2025-05-28 16:58:41
2025-05-28 16:58:41,442 - app.main - INFO - ================================================================================
2025-05-28 16:58:41,520 - app.main - INFO - Starting server, checking for pending evaluation jobs...
2025-05-28 16:58:41,520 - app.main - INFO - Created log cleanup script at: /home/trung/Documents/ML/Translation/NMT_Managemnt_Experiments/backend/logs/cleanup_logs.py
2025-05-28 16:58:41,522 - app.main - INFO - Removed existing log cleanup cronjob
2025-05-28 16:58:41,535 - app.main - INFO - Scheduled log cleanup cronjob to run at 1:00 AM on the first day of each month
2025-05-28 16:58:41,535 - app.main - INFO - Log cleanup cronjob setup successfully
2025-05-28 16:58:41,557 - app.main - INFO - No pending evaluation jobs found
2025-05-28 18:18:09,905 - app.main - INFO - ================================================================================
2025-05-28 18:18:09,906 - app.main - INFO - Logging initialized. Log file: /home/trung/Documents/ML/Translation/NMT_Managemnt_Experiments/backend/logs/nmt-backend-2025-05-28.log
2025-05-28 18:18:09,906 - app.main - INFO - Log level: INFO, Rotation: daily, Retention: 30 days
2025-05-28 18:18:09,906 - app.main - INFO - Application starting at 2025-05-28 18:18:09
2025-05-28 18:18:09,906 - app.main - INFO - ================================================================================
2025-05-28 18:18:09,982 - app.main - INFO - Starting server, checking for pending evaluation jobs...
2025-05-28 18:18:09,982 - app.main - INFO - Created log cleanup script at: /home/trung/Documents/ML/Translation/NMT_Managemnt_Experiments/backend/logs/cleanup_logs.py
2025-05-28 18:18:09,985 - app.main - INFO - Removed existing log cleanup cronjob
2025-05-28 18:18:09,992 - app.main - INFO - Scheduled log cleanup cronjob to run at 1:00 AM on the first day of each month
2025-05-28 18:18:09,992 - app.main - INFO - Log cleanup cronjob setup successfully
2025-05-28 18:18:10,013 - app.main - INFO - No pending evaluation jobs found
2025-05-28 18:21:25,322 - app.core.deps - ERROR - Database session error: [{'type': 'less_than_equal', 'loc': ('query', 'limit'), 'msg': 'Input should be less than or equal to 100', 'input': '1000', 'ctx': {'le': 100}, 'url': 'https://errors.pydantic.dev/2.11/v/less_than_equal'}]
2025-05-28 18:21:25,323 - app.core.deps - ERROR - Exception details:
Traceback (most recent call last):
  File "/home/trung/Documents/ML/Translation/NMT_Managemnt_Experiments/backend/app/core/deps.py", line 26, in get_db
    yield db
fastapi.exceptions.RequestValidationError: [{'type': 'less_than_equal', 'loc': ('query', 'limit'), 'msg': 'Input should be less than or equal to 100', 'input': '1000', 'ctx': {'le': 100}, 'url': 'https://errors.pydantic.dev/2.11/v/less_than_equal'}]
2025-05-28 18:30:38,500 - app.main - INFO - ================================================================================
2025-05-28 18:30:38,500 - app.main - INFO - Logging initialized. Log file: /home/trung/Documents/ML/Translation/NMT_Managemnt_Experiments/backend/logs/nmt-backend-2025-05-28.log
2025-05-28 18:30:38,500 - app.main - INFO - Log level: INFO, Rotation: daily, Retention: 30 days
2025-05-28 18:30:38,500 - app.main - INFO - Application starting at 2025-05-28 18:30:38
2025-05-28 18:30:38,500 - app.main - INFO - ================================================================================
2025-05-28 18:30:38,577 - app.main - INFO - Starting server, checking for pending evaluation jobs...
2025-05-28 18:30:38,577 - app.main - INFO - Created log cleanup script at: /home/trung/Documents/ML/Translation/NMT_Managemnt_Experiments/backend/logs/cleanup_logs.py
2025-05-28 18:30:38,587 - app.main - INFO - Removed existing log cleanup cronjob
2025-05-28 18:30:38,595 - app.main - INFO - Scheduled log cleanup cronjob to run at 1:00 AM on the first day of each month
2025-05-28 18:30:38,595 - app.main - INFO - Log cleanup cronjob setup successfully
2025-05-28 18:30:38,614 - app.main - INFO - No pending evaluation jobs found
2025-05-28 18:41:29,674 - app.main - INFO - ================================================================================
2025-05-28 18:41:29,675 - app.main - INFO - Logging initialized. Log file: /home/trung/Documents/ML/Translation/NMT_Managemnt_Experiments/backend/logs/nmt-backend-2025-05-28.log
2025-05-28 18:41:29,675 - app.main - INFO - Log level: INFO, Rotation: daily, Retention: 30 days
2025-05-28 18:41:29,675 - app.main - INFO - Application starting at 2025-05-28 18:41:29
2025-05-28 18:41:29,675 - app.main - INFO - ================================================================================
2025-05-28 18:41:29,762 - app.main - INFO - Starting server, checking for pending evaluation jobs...
2025-05-28 18:41:29,763 - app.main - INFO - Created log cleanup script at: /home/trung/Documents/ML/Translation/NMT_Managemnt_Experiments/backend/logs/cleanup_logs.py
2025-05-28 18:41:29,767 - app.main - INFO - Removed existing log cleanup cronjob
2025-05-28 18:41:29,776 - app.main - INFO - Scheduled log cleanup cronjob to run at 1:00 AM on the first day of each month
2025-05-28 18:41:29,776 - app.main - INFO - Log cleanup cronjob setup successfully
2025-05-28 18:41:29,802 - app.main - INFO - No pending evaluation jobs found
2025-05-28 18:42:48,615 - app.core.deps - ERROR - Database session error: 
2025-05-28 18:42:48,615 - app.core.deps - ERROR - Database session error: 
2025-05-28 18:42:48,616 - app.core.deps - ERROR - Exception details:
Traceback (most recent call last):
  File "/home/trung/Documents/ML/Translation/NMT_Managemnt_Experiments/backend/app/core/deps.py", line 26, in get_db
    yield db
fastapi.exceptions.HTTPException
2025-05-28 18:42:48,616 - app.core.deps - ERROR - Exception details:
Traceback (most recent call last):
  File "/home/trung/Documents/ML/Translation/NMT_Managemnt_Experiments/backend/app/core/deps.py", line 26, in get_db
    yield db
fastapi.exceptions.HTTPException
2025-05-28 18:42:52,206 - app.api.v1.endpoints.evaluations - INFO - Listing evaluation jobs: version_id=5, testset_id=None, status=None, page=1, size=10, user_id=2
2025-05-28 18:42:52,206 - app.api.v1.endpoints.evaluations - INFO - Listing evaluation jobs: version_id=5, testset_id=None, status=None, page=1, size=10, user_id=2
2025-05-28 18:42:52,211 - app.api.v1.endpoints.evaluations - INFO - Found 2 evaluation jobs (page 1/1)
2025-05-28 18:42:52,211 - app.api.v1.endpoints.evaluations - INFO - Processing job 2: has base_model_result attr? True
2025-05-28 18:42:52,212 - app.api.v1.endpoints.evaluations - INFO - Job 2 base_model_result value: {"bleu_score": 34.94, "comet_score": 0.7152, "output_file_path": "/home/trung/Documents/ML/Translation/NMT_Managemnt_Experiments/backend/storage/temp/evaluation_temp/evaluation_2/base_output.txt"}
2025-05-28 18:42:52,212 - app.api.v1.endpoints.evaluations - INFO - Job 2: Parsed base model scores: BLEU=34.94, COMET=0.7152
2025-05-28 18:42:52,212 - app.api.v1.endpoints.evaluations - INFO - Processing job 1: has base_model_result attr? True
2025-05-28 18:42:52,212 - app.api.v1.endpoints.evaluations - INFO - Found 2 evaluation jobs (page 1/1)
2025-05-28 18:42:52,212 - app.api.v1.endpoints.evaluations - INFO - Job 1 base_model_result value: None
2025-05-28 18:42:52,212 - app.api.v1.endpoints.evaluations - INFO - Processing job 2: has base_model_result attr? True
2025-05-28 18:42:52,212 - app.api.v1.endpoints.evaluations - INFO - Final jobs_data structure: [
  {
    "job_id": 2,
    "version_id": 5,
    "testset_id": 1,
    "requested_by_user_id": 2,
    "status": "COMPLETED",
    "bleu_score": 15.25,
    "comet_score": 0.7722,
    "output_file_path": "/home/trung/Documents/ML/Translation/NMT_Managemnt_Experiments/backend/storage/temp/evaluation_temp/evaluation_2/finetuned_output.txt",
    "log_message": null,
    "auto_add_to_details_requested": true,
    "details_added_successfully": true,
    "requested_at": "2025-05-23 12:25:37",
    "processi...
2025-05-28 18:42:52,213 - app.api.v1.endpoints.evaluations - INFO - Job 2 base_model_result value: {"bleu_score": 34.94, "comet_score": 0.7152, "output_file_path": "/home/trung/Documents/ML/Translation/NMT_Managemnt_Experiments/backend/storage/temp/evaluation_temp/evaluation_2/base_output.txt"}
2025-05-28 18:42:52,214 - app.api.v1.endpoints.evaluations - INFO - Job 2: Parsed base model scores: BLEU=34.94, COMET=0.7152
2025-05-28 18:42:52,214 - app.api.v1.endpoints.evaluations - INFO - Processing job 1: has base_model_result attr? True
2025-05-28 18:42:52,214 - app.api.v1.endpoints.evaluations - INFO - Job 1 base_model_result value: None
2025-05-28 18:42:52,214 - app.api.v1.endpoints.evaluations - INFO - Final jobs_data structure: [
  {
    "job_id": 2,
    "version_id": 5,
    "testset_id": 1,
    "requested_by_user_id": 2,
    "status": "COMPLETED",
    "bleu_score": 15.25,
    "comet_score": 0.7722,
    "output_file_path": "/home/trung/Documents/ML/Translation/NMT_Managemnt_Experiments/backend/storage/temp/evaluation_temp/evaluation_2/finetuned_output.txt",
    "log_message": null,
    "auto_add_to_details_requested": true,
    "details_added_successfully": true,
    "requested_at": "2025-05-23 12:25:37",
    "processi...
2025-05-28 18:42:56,019 - app.api.v1.endpoints.evaluations - INFO - Output content request for job_id=2, model_type=base, user_id=2
2025-05-28 18:42:56,032 - app.api.v1.endpoints.evaluations - INFO - Output content request for job_id=2, model_type=finetuned, user_id=2
2025-05-28 18:42:56,035 - app.api.v1.endpoints.evaluations - INFO - Output content request for job_id=2, model_type=finetuned, user_id=2
2025-05-28 18:42:56,044 - app.api.v1.endpoints.evaluations - INFO - Output content request for job_id=2, model_type=base, user_id=2
2025-05-28 18:43:03,850 - app.api.v1.endpoints.evaluations - INFO - Output content request for job_id=2, model_type=base, user_id=2
2025-05-28 18:43:03,851 - app.api.v1.endpoints.evaluations - INFO - Output content request for job_id=2, model_type=finetuned, user_id=2
2025-05-28 18:43:06,660 - app.api.v1.endpoints.evaluations - INFO - Output content request for job_id=2, model_type=finetuned, user_id=2
2025-05-28 18:43:06,663 - app.api.v1.endpoints.evaluations - INFO - Output content request for job_id=2, model_type=base, user_id=2
2025-05-28 18:43:09,948 - app.api.v1.endpoints.evaluations - INFO - Output content request for job_id=2, model_type=finetuned, user_id=2
2025-05-28 18:43:09,948 - app.api.v1.endpoints.evaluations - INFO - Output content request for job_id=2, model_type=base, user_id=2
2025-05-28 18:43:12,937 - app.api.v1.endpoints.evaluations - INFO - Output content request for job_id=2, model_type=base, user_id=2
2025-05-28 18:43:12,937 - app.api.v1.endpoints.evaluations - INFO - Output content request for job_id=2, model_type=finetuned, user_id=2
